<?xml version="1.0" encoding="UTF-8"?>
<testsuite name="models.SquadTest" tests="6" skipped="0" failures="0" errors="0" timestamp="2022-03-06T22:12:30" hostname="kinyua-HP-Laptop-14-ck0xxx" time="0.017">
  <properties/>
  <testcase name="SquadInstantiatesCorrectly()" classname="models.SquadTest" time="0.002"/>
  <testcase name="Squad_getsMaxSizeCorrectly_int()" classname="models.SquadTest" time="0.001"/>
  <testcase name="all_returnsAllInstancesOfSquad_true()" classname="models.SquadTest" time="0.002"/>
  <testcase name="Squad_getsSquadsNameCorrectly()" classname="models.SquadTest" time="0.002"/>
  <testcase name="find_returnsSquadWithSameId_secondSquad()" classname="models.SquadTest" time="0.002"/>
  <testcase name="Squad_getsSquadNameCorrectly_string()" classname="models.SquadTest" time="0.002"/>
  <system-out><![CDATA[]]></system-out>
  <system-err><![CDATA[]]></system-err>
</testsuite>
